<?xml version="1.0" encoding="UTF-8"?>
<!-- Generated by org.testng.reporters.JUnitXMLReporter -->
<testsuite ignored="3" hostname="Arbazs-MBP.domain.name" failures="0" tests="1" name="AddEmployee" time="28.607" errors="0" timestamp="2023-06-14T11:10:57 IST">
  <testcase classname="com.OrangeHRMAutomationTest.OrangeHRMEmpMgmt" name="addEmployee" time="17.577"/>
  <testcase classname="com.OrangeHRMAutomationTest.OrangeHRMEmpMgmt" name="deleteEmployee" time="0.0">
    <ignored/>
  </testcase> <!-- deleteEmployee -->
  <testcase classname="com.OrangeHRMAutomationTest.OrangeHRMEmpMgmt" name="updateEmployee" time="0.0">
    <ignored/>
  </testcase> <!-- updateEmployee -->
  <testcase classname="com.OrangeHRMAutomationTest.OrangeHRMEmpMgmt" name="login" time="0.0">
    <ignored/>
  </testcase> <!-- login -->
</testsuite> <!-- AddEmployee -->
