<?xml version="1.0" encoding="UTF-8"?>
<!-- Generated by org.testng.reporters.JUnitXMLReporter -->
<testsuite ignored="3" hostname="Arbazs-MBP.domain.name" failures="0" tests="1" name="DeleteEmployee" time="15.882" errors="0" timestamp="2023-06-14T11:11:24 IST">
  <testcase classname="com.OrangeHRMAutomationTest.OrangeHRMEmpMgmt" name="deleteEmployee" time="10.862"/>
  <testcase classname="com.OrangeHRMAutomationTest.OrangeHRMEmpMgmt" name="updateEmployee" time="0.0">
    <ignored/>
  </testcase> <!-- updateEmployee -->
  <testcase classname="com.OrangeHRMAutomationTest.OrangeHRMEmpMgmt" name="login" time="0.0">
    <ignored/>
  </testcase> <!-- login -->
  <testcase classname="com.OrangeHRMAutomationTest.OrangeHRMEmpMgmt" name="addEmployee" time="0.0">
    <ignored/>
  </testcase> <!-- addEmployee -->
</testsuite> <!-- DeleteEmployee -->
