<?xml version="1.0" encoding="UTF-8"?>
<!-- Generated by org.testng.reporters.JUnitXMLReporter -->
<testsuite ignored="3" hostname="Arbazs-MBP.domain.name" failures="0" tests="1" name="login" time="12.252" errors="0" timestamp="2023-06-14T11:10:28 IST">
  <testcase classname="com.OrangeHRMAutomationTest.OrangeHRMEmpMgmt" name="login" time="5.412"/>
  <testcase classname="com.OrangeHRMAutomationTest.OrangeHRMEmpMgmt" name="addEmployee" time="0.0">
    <ignored/>
  </testcase> <!-- addEmployee -->
  <testcase classname="com.OrangeHRMAutomationTest.OrangeHRMEmpMgmt" name="updateEmployee" time="0.0">
    <ignored/>
  </testcase> <!-- updateEmployee -->
  <testcase classname="com.OrangeHRMAutomationTest.OrangeHRMEmpMgmt" name="deleteEmployee" time="0.0">
    <ignored/>
  </testcase> <!-- deleteEmployee -->
</testsuite> <!-- login -->
