<?xml version="1.0" encoding="UTF-8"?>
<!-- Generated by org.testng.reporters.JUnitXMLReporter -->
<testsuite ignored="3" hostname="Arbazs-MBP.domain.name" failures="1" tests="1" name="Test_Login" time="11.69" errors="0" timestamp="2023-06-13T21:33:31 IST">
  <testcase classname="com.OrangeHRMAutomationTest.OrangeHRMLogin" name="login" time="2.008">
    <failure type="java.lang.NullPointerException" message="Cannot invoke &amp;quot;org.openqa.selenium.WebDriver.findElement(org.openqa.selenium.By)&amp;quot; because &amp;quot;this.driver&amp;quot; is null">
      <![CDATA[java.lang.NullPointerException: Cannot invoke "org.openqa.selenium.WebDriver.findElement(org.openqa.selenium.By)" because "this.driver" is null
at com.OrangeHRMAutomationTest.OrangeHRMLogin.login(OrangeHRMLogin.java:40)
at java.base/java.util.ArrayList.forEach(ArrayList.java:1511)
... Removed 27 stack frames]]>
    </failure>
  </testcase> <!-- login -->
  <testcase classname="com.OrangeHRMAutomationTest.OrangeHRMLogin" name="updateEmployee" time="0.0">
    <ignored/>
  </testcase> <!-- updateEmployee -->
  <testcase classname="com.OrangeHRMAutomationTest.OrangeHRMLogin" name="deleteEmployee" time="0.0">
    <ignored/>
  </testcase> <!-- deleteEmployee -->
  <testcase classname="com.OrangeHRMAutomationTest.OrangeHRMLogin" name="addEmployee" time="0.0">
    <ignored/>
  </testcase> <!-- addEmployee -->
</testsuite> <!-- Test_Login -->
