<?xml version="1.0" encoding="UTF-8"?>
<!-- Generated by org.testng.reporters.JUnitXMLReporter -->
<testsuite ignored="3" hostname="Arbazs-MBP.domain.name" failures="1" tests="1" name="UpdateEmployee" time="11.296" errors="0" timestamp="2023-06-14T11:11:08 IST">
  <testcase classname="com.OrangeHRMAutomationTest.OrangeHRMEmpMgmt" name="updateEmployee" time="6.017">
    <failure type="org.openqa.selenium.NoSuchFrameException" message="Build info: version: &amp;apos;4.10.0&amp;apos;, revision: &amp;apos;c14d967899&amp;apos;
System info: os.name: &amp;apos;Mac OS X&amp;apos;, os.arch: &amp;apos;aarch64&amp;apos;, os.version: &amp;apos;12.0&amp;apos;, java.version: &amp;apos;17.0.1&amp;apos;
Driver info: org.openqa.selenium.safari.SafariDriver
Command: [F692C125-89F7-4E11-91F6-949575D3B9CE, findElement {using=xpath, value=//*[@id=&amp;quot;app&amp;quot;]/div[1]/div[2]/div[2]/div/div[1]/div[2]/form/div[1]/div/div[1]/div/div[2]/div/div/input}]
Capabilities {acceptInsecureCerts: false, browserName: Safari, browserVersion: 15.0, platformName: mac, safari:automaticInspection: false, safari:automaticProfiling: false, safari:diagnose: false, safari:platformBuildVersion: 21A344, safari:platformVersion: 12.0, safari:useSimulator: false, setWindowRect: true, strictFileInteractability: false, webkit:WebRTC: {DisableICECandidateFiltering: false, DisableInsecureMediaCapture: false}}
Session ID: F692C125-89F7-4E11-91F6-949575D3B9CE">
      <![CDATA[org.openqa.selenium.NoSuchFrameException: Build info: version: '4.10.0', revision: 'c14d967899'
System info: os.name: 'Mac OS X', os.arch: 'aarch64', os.version: '12.0', java.version: '17.0.1'
Driver info: org.openqa.selenium.safari.SafariDriver
Command: [F692C125-89F7-4E11-91F6-949575D3B9CE, findElement {using=xpath, value=//*[@id="app"]/div[1]/div[2]/div[2]/div/div[1]/div[2]/form/div[1]/div/div[1]/div/div[2]/div/div/input}]
Capabilities {acceptInsecureCerts: false, browserName: Safari, browserVersion: 15.0, platformName: mac, safari:automaticInspection: false, safari:automaticProfiling: false, safari:diagnose: false, safari:platformBuildVersion: 21A344, safari:platformVersion: 12.0, safari:useSimulator: false, setWindowRect: true, strictFileInteractability: false, webkit:WebRTC: {DisableICECandidateFiltering: false, DisableInsecureMediaCapture: false}}
Session ID: F692C125-89F7-4E11-91F6-949575D3B9CE
at org.openqa.selenium.remote.codec.w3c.W3CHttpResponseCodec.createException(W3CHttpResponseCodec.java:199)
at org.openqa.selenium.remote.codec.w3c.W3CHttpResponseCodec.decode(W3CHttpResponseCodec.java:132)
at org.openqa.selenium.remote.codec.w3c.W3CHttpResponseCodec.decode(W3CHttpResponseCodec.java:51)
at org.openqa.selenium.remote.HttpCommandExecutor.execute(HttpCommandExecutor.java:191)
at org.openqa.selenium.remote.service.DriverCommandExecutor.invokeExecute(DriverCommandExecutor.java:196)
at org.openqa.selenium.remote.service.DriverCommandExecutor.execute(DriverCommandExecutor.java:171)
at org.openqa.selenium.remote.RemoteWebDriver.execute(RemoteWebDriver.java:531)
at org.openqa.selenium.remote.ElementLocation$ElementFinder$2.findElement(ElementLocation.java:165)
at org.openqa.selenium.remote.ElementLocation.findElement(ElementLocation.java:59)
at org.openqa.selenium.remote.RemoteWebDriver.findElement(RemoteWebDriver.java:350)
at org.openqa.selenium.remote.RemoteWebDriver.findElement(RemoteWebDriver.java:344)
at com.OrangeHRMAutomationTest.OrangeHRMEmpMgmt.updateEmployee(OrangeHRMEmpMgmt.java:189)
at java.base/java.util.ArrayList.forEach(ArrayList.java:1511)
... Removed 32 stack frames]]>
    </failure>
  </testcase> <!-- updateEmployee -->
  <testcase classname="com.OrangeHRMAutomationTest.OrangeHRMEmpMgmt" name="login" time="0.0">
    <ignored/>
  </testcase> <!-- login -->
  <testcase classname="com.OrangeHRMAutomationTest.OrangeHRMEmpMgmt" name="addEmployee" time="0.0">
    <ignored/>
  </testcase> <!-- addEmployee -->
  <testcase classname="com.OrangeHRMAutomationTest.OrangeHRMEmpMgmt" name="deleteEmployee" time="0.0">
    <ignored/>
  </testcase> <!-- deleteEmployee -->
</testsuite> <!-- UpdateEmployee -->
